
=== Mon Dec 17 12:04:11 2018

Packages were changed.
Update Mode: updateDependencies

The following packages were added:
  com.unity.collab-proxy@1.2.15
The following packages were updated:
  com.unity.ads from version 2.0.8 to 2.3.1
  com.unity.analytics from version 2.0.16 to 3.2.2
  com.unity.package-manager-ui from version 1.9.11 to 2.0.3
  com.unity.textmeshpro from version 1.2.4 to 1.3.0

=== Mon Feb 25 11:17:34 2019

Packages were changed.
Update Mode: resetToDefaultDependencies

The following packages were updated:
  com.unity.ads from version 2.3.1 to 2.0.8
The following packages were removed:
  com.unity.formats.alembic@1.0.0
  com.unity.postprocessing@2.1.2
  com.unity.shadergraph@4.10.0-preview

=== Wed Jul  3 14:31:55 2019

Packages were changed.
Update Mode: updateDependencies

The following packages were added:
  com.unity.timeline@1.0.0
  com.unity.multiplayer-hlapi@1.0.2
  com.unity.xr.legacyinputhelpers@2.0.2
The following packages were updated:
  com.unity.analytics from version 3.2.2 to 3.3.2
  com.unity.collab-proxy from version 1.2.15 to 1.2.16
  com.unity.package-manager-ui from version 2.0.3 to 2.1.2
  com.unity.postprocessing from version 2.1.3 to 2.1.4
  com.unity.purchasing from version 2.0.3 to 2.0.6
  com.unity.render-pipelines.lightweight from version 4.10.0-preview to 5.7.2
  com.unity.textmeshpro from version 1.3.0 to 2.0.1
